#-----------------------------------------------------------
# Vivado v2020.3 (64-bit)
# SW Build 3173277 on Wed Apr  7 05:07:21 MDT 2021
# IP Build 3174024 on Wed Apr  7 23:42:35 MDT 2021
# Start of session at: Mon Feb  9 16:52:02 2026
# Process ID: 10431
# Current directory: /home/omer/Git/DSDA/Experiment7/Design
# Command line: vivado
# Log file: /home/omer/Git/DSDA/Experiment7/Design/vivado.log
# Journal file: /home/omer/Git/DSDA/Experiment7/Design/vivado.jou
#-----------------------------------------------------------
start_gui
WARNING: [Board 49-26] cannot add Board Part digilentinc.com:arty-a7-100:part0:1.0 available at /home/omer/.Xilinx/Vivado/2020.3/xhub/board_store/xilinx_board_store/XilinxBoardStore/Vivado/2020.3/boards/Digilent/arty-a7-100/E.0/1.0/board.xml as part xc7a100tcsg324-1 specified in board_part file is either invalid or not available
WARNING: [Board 49-26] cannot add Board Part digilentinc.com:nexys4:part0:1.1 available at /home/omer/.Xilinx/Vivado/2020.3/xhub/board_store/xilinx_board_store/XilinxBoardStore/Vivado/2020.3/boards/Digilent/nexys4/B.1/1.1/board.xml as part xc7a100tcsg324-1 specified in board_part file is either invalid or not available
WARNING: [Board 49-26] cannot add Board Part digilentinc.com:nexys4_ddr:part0:1.1 available at /home/omer/.Xilinx/Vivado/2020.3/xhub/board_store/xilinx_board_store/XilinxBoardStore/Vivado/2020.3/boards/Digilent/nexys4_ddr/C.1/1.1/board.xml as part xc7a100tcsg324-1 specified in board_part file is either invalid or not available
WARNING: [Board 49-26] cannot add Board Part digilentinc.com:arty-a7-100:part0:1.0 available at /home/omer/.Xilinx/Vivado/2020.3/xhub/board_store/xilinx_board_store/XilinxBoardStore/Vivado/2020.3/boards/Digilent/arty-a7-100/E.0/1.0/board.xml as part xc7a100tcsg324-1 specified in board_part file is either invalid or not available
WARNING: [Board 49-26] cannot add Board Part digilentinc.com:nexys4:part0:1.1 available at /home/omer/.Xilinx/Vivado/2020.3/xhub/board_store/xilinx_board_store/XilinxBoardStore/Vivado/2020.3/boards/Digilent/nexys4/B.1/1.1/board.xml as part xc7a100tcsg324-1 specified in board_part file is either invalid or not available
WARNING: [Board 49-26] cannot add Board Part digilentinc.com:nexys4_ddr:part0:1.1 available at /home/omer/.Xilinx/Vivado/2020.3/xhub/board_store/xilinx_board_store/XilinxBoardStore/Vivado/2020.3/boards/Digilent/nexys4_ddr/C.1/1.1/board.xml as part xc7a100tcsg324-1 specified in board_part file is either invalid or not available
WARNING: [Board 49-26] cannot add Board Part digilentinc.com:arty-a7-100:part0:1.0 available at /home/omer/.Xilinx/Vivado/2020.3/xhub/board_store/xilinx_board_store/XilinxBoardStore/Vivado/2020.3/boards/Digilent/arty-a7-100/E.0/1.0/board.xml as part xc7a100tcsg324-1 specified in board_part file is either invalid or not available
WARNING: [Board 49-26] cannot add Board Part digilentinc.com:nexys4:part0:1.1 available at /home/omer/.Xilinx/Vivado/2020.3/xhub/board_store/xilinx_board_store/XilinxBoardStore/Vivado/2020.3/boards/Digilent/nexys4/B.1/1.1/board.xml as part xc7a100tcsg324-1 specified in board_part file is either invalid or not available
WARNING: [Board 49-26] cannot add Board Part digilentinc.com:nexys4_ddr:part0:1.1 available at /home/omer/.Xilinx/Vivado/2020.3/xhub/board_store/xilinx_board_store/XilinxBoardStore/Vivado/2020.3/boards/Digilent/nexys4_ddr/C.1/1.1/board.xml as part xc7a100tcsg324-1 specified in board_part file is either invalid or not available
WARNING: [Board 49-26] cannot add Board Part digilentinc.com:arty-a7-100:part0:1.0 available at /home/omer/.Xilinx/Vivado/2020.3/xhub/board_store/xilinx_board_store/XilinxBoardStore/Vivado/2020.3/boards/Digilent/arty-a7-100/E.0/1.0/board.xml as part xc7a100tcsg324-1 specified in board_part file is either invalid or not available
WARNING: [Board 49-26] cannot add Board Part digilentinc.com:nexys4:part0:1.1 available at /home/omer/.Xilinx/Vivado/2020.3/xhub/board_store/xilinx_board_store/XilinxBoardStore/Vivado/2020.3/boards/Digilent/nexys4/B.1/1.1/board.xml as part xc7a100tcsg324-1 specified in board_part file is either invalid or not available
WARNING: [Board 49-26] cannot add Board Part digilentinc.com:nexys4_ddr:part0:1.1 available at /home/omer/.Xilinx/Vivado/2020.3/xhub/board_store/xilinx_board_store/XilinxBoardStore/Vivado/2020.3/boards/Digilent/nexys4_ddr/C.1/1.1/board.xml as part xc7a100tcsg324-1 specified in board_part file is either invalid or not available
WARNING: [Board 49-26] cannot add Board Part digilentinc.com:arty-a7-100:part0:1.0 available at /home/omer/.Xilinx/Vivado/2020.3/xhub/board_store/xilinx_board_store/XilinxBoardStore/Vivado/2020.3/boards/Digilent/arty-a7-100/E.0/1.0/board.xml as part xc7a100tcsg324-1 specified in board_part file is either invalid or not available
WARNING: [Board 49-26] cannot add Board Part digilentinc.com:nexys4:part0:1.1 available at /home/omer/.Xilinx/Vivado/2020.3/xhub/board_store/xilinx_board_store/XilinxBoardStore/Vivado/2020.3/boards/Digilent/nexys4/B.1/1.1/board.xml as part xc7a100tcsg324-1 specified in board_part file is either invalid or not available
WARNING: [Board 49-26] cannot add Board Part digilentinc.com:nexys4_ddr:part0:1.1 available at /home/omer/.Xilinx/Vivado/2020.3/xhub/board_store/xilinx_board_store/XilinxBoardStore/Vivado/2020.3/boards/Digilent/nexys4_ddr/C.1/1.1/board.xml as part xc7a100tcsg324-1 specified in board_part file is either invalid or not available
WARNING: [Board 49-26] cannot add Board Part digilentinc.com:arty-a7-100:part0:1.0 available at /home/omer/.Xilinx/Vivado/2020.3/xhub/board_store/xilinx_board_store/XilinxBoardStore/Vivado/2020.3/boards/Digilent/arty-a7-100/E.0/1.0/board.xml as part xc7a100tcsg324-1 specified in board_part file is either invalid or not available
WARNING: [Board 49-26] cannot add Board Part digilentinc.com:nexys4:part0:1.1 available at /home/omer/.Xilinx/Vivado/2020.3/xhub/board_store/xilinx_board_store/XilinxBoardStore/Vivado/2020.3/boards/Digilent/nexys4/B.1/1.1/board.xml as part xc7a100tcsg324-1 specified in board_part file is either invalid or not available
WARNING: [Board 49-26] cannot add Board Part digilentinc.com:nexys4_ddr:part0:1.1 available at /home/omer/.Xilinx/Vivado/2020.3/xhub/board_store/xilinx_board_store/XilinxBoardStore/Vivado/2020.3/boards/Digilent/nexys4_ddr/C.1/1.1/board.xml as part xc7a100tcsg324-1 specified in board_part file is either invalid or not available
WARNING: [Board 49-26] cannot add Board Part digilentinc.com:arty-a7-100:part0:1.0 available at /home/omer/.Xilinx/Vivado/2020.3/xhub/board_store/xilinx_board_store/XilinxBoardStore/Vivado/2020.3/boards/Digilent/arty-a7-100/E.0/1.0/board.xml as part xc7a100tcsg324-1 specified in board_part file is either invalid or not available
WARNING: [Board 49-26] cannot add Board Part digilentinc.com:nexys4:part0:1.1 available at /home/omer/.Xilinx/Vivado/2020.3/xhub/board_store/xilinx_board_store/XilinxBoardStore/Vivado/2020.3/boards/Digilent/nexys4/B.1/1.1/board.xml as part xc7a100tcsg324-1 specified in board_part file is either invalid or not available
WARNING: [Board 49-26] cannot add Board Part digilentinc.com:nexys4_ddr:part0:1.1 available at /home/omer/.Xilinx/Vivado/2020.3/xhub/board_store/xilinx_board_store/XilinxBoardStore/Vivado/2020.3/boards/Digilent/nexys4_ddr/C.1/1.1/board.xml as part xc7a100tcsg324-1 specified in board_part file is either invalid or not available
WARNING: [Board 49-26] cannot add Board Part digilentinc.com:arty-a7-100:part0:1.0 available at /home/omer/.Xilinx/Vivado/2020.3/xhub/board_store/xilinx_board_store/XilinxBoardStore/Vivado/2020.3/boards/Digilent/arty-a7-100/E.0/1.0/board.xml as part xc7a100tcsg324-1 specified in board_part file is either invalid or not available
WARNING: [Board 49-26] cannot add Board Part digilentinc.com:nexys4:part0:1.1 available at /home/omer/.Xilinx/Vivado/2020.3/xhub/board_store/xilinx_board_store/XilinxBoardStore/Vivado/2020.3/boards/Digilent/nexys4/B.1/1.1/board.xml as part xc7a100tcsg324-1 specified in board_part file is either invalid or not available
WARNING: [Board 49-26] cannot add Board Part digilentinc.com:nexys4_ddr:part0:1.1 available at /home/omer/.Xilinx/Vivado/2020.3/xhub/board_store/xilinx_board_store/XilinxBoardStore/Vivado/2020.3/boards/Digilent/nexys4_ddr/C.1/1.1/board.xml as part xc7a100tcsg324-1 specified in board_part file is either invalid or not available
WARNING: [Board 49-26] cannot add Board Part digilentinc.com:arty-a7-100:part0:1.0 available at /home/omer/.Xilinx/Vivado/2020.3/xhub/board_store/xilinx_board_store/XilinxBoardStore/Vivado/2020.3/boards/Digilent/arty-a7-100/E.0/1.0/board.xml as part xc7a100tcsg324-1 specified in board_part file is either invalid or not available
WARNING: [Board 49-26] cannot add Board Part digilentinc.com:nexys4:part0:1.1 available at /home/omer/.Xilinx/Vivado/2020.3/xhub/board_store/xilinx_board_store/XilinxBoardStore/Vivado/2020.3/boards/Digilent/nexys4/B.1/1.1/board.xml as part xc7a100tcsg324-1 specified in board_part file is either invalid or not available
WARNING: [Board 49-26] cannot add Board Part digilentinc.com:nexys4_ddr:part0:1.1 available at /home/omer/.Xilinx/Vivado/2020.3/xhub/board_store/xilinx_board_store/XilinxBoardStore/Vivado/2020.3/boards/Digilent/nexys4_ddr/C.1/1.1/board.xml as part xc7a100tcsg324-1 specified in board_part file is either invalid or not available
WARNING: [Board 49-26] cannot add Board Part digilentinc.com:arty-a7-100:part0:1.0 available at /home/omer/.Xilinx/Vivado/2020.3/xhub/board_store/xilinx_board_store/XilinxBoardStore/Vivado/2020.3/boards/Digilent/arty-a7-100/E.0/1.0/board.xml as part xc7a100tcsg324-1 specified in board_part file is either invalid or not available
WARNING: [Board 49-26] cannot add Board Part digilentinc.com:nexys4:part0:1.1 available at /home/omer/.Xilinx/Vivado/2020.3/xhub/board_store/xilinx_board_store/XilinxBoardStore/Vivado/2020.3/boards/Digilent/nexys4/B.1/1.1/board.xml as part xc7a100tcsg324-1 specified in board_part file is either invalid or not available
WARNING: [Board 49-26] cannot add Board Part digilentinc.com:nexys4_ddr:part0:1.1 available at /home/omer/.Xilinx/Vivado/2020.3/xhub/board_store/xilinx_board_store/XilinxBoardStore/Vivado/2020.3/boards/Digilent/nexys4_ddr/C.1/1.1/board.xml as part xc7a100tcsg324-1 specified in board_part file is either invalid or not available
WARNING: [Board 49-26] cannot add Board Part digilentinc.com:arty-a7-100:part0:1.0 available at /home/omer/.Xilinx/Vivado/2020.3/xhub/board_store/xilinx_board_store/XilinxBoardStore/Vivado/2020.3/boards/Digilent/arty-a7-100/E.0/1.0/board.xml as part xc7a100tcsg324-1 specified in board_part file is either invalid or not available
WARNING: [Board 49-26] cannot add Board Part digilentinc.com:nexys4:part0:1.1 available at /home/omer/.Xilinx/Vivado/2020.3/xhub/board_store/xilinx_board_store/XilinxBoardStore/Vivado/2020.3/boards/Digilent/nexys4/B.1/1.1/board.xml as part xc7a100tcsg324-1 specified in board_part file is either invalid or not available
WARNING: [Board 49-26] cannot add Board Part digilentinc.com:nexys4_ddr:part0:1.1 available at /home/omer/.Xilinx/Vivado/2020.3/xhub/board_store/xilinx_board_store/XilinxBoardStore/Vivado/2020.3/boards/Digilent/nexys4_ddr/C.1/1.1/board.xml as part xc7a100tcsg324-1 specified in board_part file is either invalid or not available
WARNING: [Board 49-26] cannot add Board Part digilentinc.com:arty-a7-100:part0:1.0 available at /home/omer/.Xilinx/Vivado/2020.3/xhub/board_store/xilinx_board_store/XilinxBoardStore/Vivado/2020.3/boards/Digilent/arty-a7-100/E.0/1.0/board.xml as part xc7a100tcsg324-1 specified in board_part file is either invalid or not available
WARNING: [Board 49-26] cannot add Board Part digilentinc.com:nexys4:part0:1.1 available at /home/omer/.Xilinx/Vivado/2020.3/xhub/board_store/xilinx_board_store/XilinxBoardStore/Vivado/2020.3/boards/Digilent/nexys4/B.1/1.1/board.xml as part xc7a100tcsg324-1 specified in board_part file is either invalid or not available
WARNING: [Board 49-26] cannot add Board Part digilentinc.com:nexys4_ddr:part0:1.1 available at /home/omer/.Xilinx/Vivado/2020.3/xhub/board_store/xilinx_board_store/XilinxBoardStore/Vivado/2020.3/boards/Digilent/nexys4_ddr/C.1/1.1/board.xml as part xc7a100tcsg324-1 specified in board_part file is either invalid or not available
WARNING: [Board 49-26] cannot add Board Part digilentinc.com:arty-a7-100:part0:1.0 available at /home/omer/.Xilinx/Vivado/2020.3/xhub/board_store/xilinx_board_store/XilinxBoardStore/Vivado/2020.3/boards/Digilent/arty-a7-100/E.0/1.0/board.xml as part xc7a100tcsg324-1 specified in board_part file is either invalid or not available
WARNING: [Board 49-26] cannot add Board Part digilentinc.com:nexys4:part0:1.1 available at /home/omer/.Xilinx/Vivado/2020.3/xhub/board_store/xilinx_board_store/XilinxBoardStore/Vivado/2020.3/boards/Digilent/nexys4/B.1/1.1/board.xml as part xc7a100tcsg324-1 specified in board_part file is either invalid or not available
WARNING: [Board 49-26] cannot add Board Part digilentinc.com:nexys4_ddr:part0:1.1 available at /home/omer/.Xilinx/Vivado/2020.3/xhub/board_store/xilinx_board_store/XilinxBoardStore/Vivado/2020.3/boards/Digilent/nexys4_ddr/C.1/1.1/board.xml as part xc7a100tcsg324-1 specified in board_part file is either invalid or not available
WARNING: [Board 49-26] cannot add Board Part digilentinc.com:arty-a7-100:part0:1.0 available at /home/omer/.Xilinx/Vivado/2020.3/xhub/board_store/xilinx_board_store/XilinxBoardStore/Vivado/2020.3/boards/Digilent/arty-a7-100/E.0/1.0/board.xml as part xc7a100tcsg324-1 specified in board_part file is either invalid or not available
WARNING: [Board 49-26] cannot add Board Part digilentinc.com:nexys4:part0:1.1 available at /home/omer/.Xilinx/Vivado/2020.3/xhub/board_store/xilinx_board_store/XilinxBoardStore/Vivado/2020.3/boards/Digilent/nexys4/B.1/1.1/board.xml as part xc7a100tcsg324-1 specified in board_part file is either invalid or not available
WARNING: [Board 49-26] cannot add Board Part digilentinc.com:nexys4_ddr:part0:1.1 available at /home/omer/.Xilinx/Vivado/2020.3/xhub/board_store/xilinx_board_store/XilinxBoardStore/Vivado/2020.3/boards/Digilent/nexys4_ddr/C.1/1.1/board.xml as part xc7a100tcsg324-1 specified in board_part file is either invalid or not available
WARNING: [Board 49-26] cannot add Board Part digilentinc.com:arty-a7-100:part0:1.0 available at /home/omer/.Xilinx/Vivado/2020.3/xhub/board_store/xilinx_board_store/XilinxBoardStore/Vivado/2020.3/boards/Digilent/arty-a7-100/E.0/1.0/board.xml as part xc7a100tcsg324-1 specified in board_part file is either invalid or not available
WARNING: [Board 49-26] cannot add Board Part digilentinc.com:nexys4:part0:1.1 available at /home/omer/.Xilinx/Vivado/2020.3/xhub/board_store/xilinx_board_store/XilinxBoardStore/Vivado/2020.3/boards/Digilent/nexys4/B.1/1.1/board.xml as part xc7a100tcsg324-1 specified in board_part file is either invalid or not available
WARNING: [Board 49-26] cannot add Board Part digilentinc.com:nexys4_ddr:part0:1.1 available at /home/omer/.Xilinx/Vivado/2020.3/xhub/board_store/xilinx_board_store/XilinxBoardStore/Vivado/2020.3/boards/Digilent/nexys4_ddr/C.1/1.1/board.xml as part xc7a100tcsg324-1 specified in board_part file is either invalid or not available
WARNING: [Board 49-26] cannot add Board Part digilentinc.com:arty-a7-100:part0:1.0 available at /home/omer/.Xilinx/Vivado/2020.3/xhub/board_store/xilinx_board_store/XilinxBoardStore/Vivado/2020.3/boards/Digilent/arty-a7-100/E.0/1.0/board.xml as part xc7a100tcsg324-1 specified in board_part file is either invalid or not available
WARNING: [Board 49-26] cannot add Board Part digilentinc.com:nexys4:part0:1.1 available at /home/omer/.Xilinx/Vivado/2020.3/xhub/board_store/xilinx_board_store/XilinxBoardStore/Vivado/2020.3/boards/Digilent/nexys4/B.1/1.1/board.xml as part xc7a100tcsg324-1 specified in board_part file is either invalid or not available
WARNING: [Board 49-26] cannot add Board Part digilentinc.com:nexys4_ddr:part0:1.1 available at /home/omer/.Xilinx/Vivado/2020.3/xhub/board_store/xilinx_board_store/XilinxBoardStore/Vivado/2020.3/boards/Digilent/nexys4_ddr/C.1/1.1/board.xml as part xc7a100tcsg324-1 specified in board_part file is either invalid or not available
create_project convolution /home/omer/Desktop/VivadoProjects/convolution -part xcvc1802-viva1596-1LHP-i-L
INFO: [IP_Flow 19-234] Refreshing IP repositories
INFO: [IP_Flow 19-1704] No user IP repositories specified
INFO: [IP_Flow 19-2313] Loaded Vivado IP repository '/opt/tools/Xilinx/Vivado/2020.3/data/ip'.
INFO: [IP_Flow 19-3899] Cannot get the environment domain name variable for the component vendor name. Setting the vendor name to 'user.org'.
add_files {/home/omer/Git/DSDA/Experiment7/Design/MULTS.v /home/omer/Git/DSDA/Experiment7/Design/MSI_library.v /home/omer/Git/DSDA/Experiment7/Design/MULTB.v /home/omer/Git/DSDA/Experiment7/Design/SSI_library.v /home/omer/Git/DSDA/Experiment7/Design/experiment7.v /home/omer/Git/DSDA/Experiment7/Design/CLA16.v}
update_compile_order -fileset sources_1
update_compile_order -fileset sources_1
exit
INFO: [Common 17-206] Exiting Vivado at Mon Feb  9 16:54:00 2026...
